<?xml version="1.0" encoding="UTF-8"?>
<testsuite xmlns:xsi="http://www.w3.org/2001/XMLSchema-instance" xsi:noNamespaceSchemaLocation="https://maven.apache.org/surefire/maven-surefire-plugin/xsd/surefire-test-report.xsd" name="com.ayanami.okoyo.UserTest" time="0.033" tests="1" errors="0" skipped="0" failures="1">
  <properties/>
  <testcase name="testFindByLogin" classname="com.ayanami.okoyo.UserTest" time="0.012">
    <failure message="&#10;Expecting actual not to be null" type="java.lang.AssertionError">java.lang.AssertionError: 

Expecting actual not to be null
	at com.ayanami.okoyo.UserTest.testFindByLogin(UserTest.java:23)
</failure>
    <system-out><![CDATA[2024-06-02 03:07:59.695  INFO 82564 --- [           main] b.t.a.o.j.DataJpaTestContextBootstrapper : Neither @ContextConfiguration nor @ContextHierarchy found for test class [com.ayanami.okoyo.UserTest], using SpringBootContextLoader
2024-06-02 03:07:59.696  INFO 82564 --- [           main] o.s.t.c.support.AbstractContextLoader    : Could not detect default resource locations for test class [com.ayanami.okoyo.UserTest]: no resource found for suffixes {-context.xml, Context.groovy}.
2024-06-02 03:07:59.696  INFO 82564 --- [           main] t.c.s.AnnotationConfigContextLoaderUtils : Could not detect default configuration classes for test class [com.ayanami.okoyo.UserTest]: UserTest does not declare any static, non-private, non-final, nested classes annotated with @Configuration.
2024-06-02 03:07:59.705  INFO 82564 --- [           main] .b.t.c.SpringBootTestContextBootstrapper : Found @SpringBootConfiguration com.ayanami.okoyo.WebStoreApplication for test class com.ayanami.okoyo.UserTest
2024-06-02 03:07:59.706  INFO 82564 --- [           main] b.t.a.o.j.DataJpaTestContextBootstrapper : Loaded default TestExecutionListener class names from location [META-INF/spring.factories]: [org.springframework.boot.test.mock.mockito.MockitoTestExecutionListener, org.springframework.boot.test.mock.mockito.ResetMocksTestExecutionListener, org.springframework.boot.test.autoconfigure.restdocs.RestDocsTestExecutionListener, org.springframework.boot.test.autoconfigure.web.client.MockRestServiceServerResetTestExecutionListener, org.springframework.boot.test.autoconfigure.web.servlet.MockMvcPrintOnlyOnFailureTestExecutionListener, org.springframework.boot.test.autoconfigure.web.servlet.WebDriverTestExecutionListener, org.springframework.boot.test.autoconfigure.webservices.client.MockWebServiceServerTestExecutionListener, org.springframework.test.context.web.ServletTestExecutionListener, org.springframework.test.context.support.DirtiesContextBeforeModesTestExecutionListener, org.springframework.test.context.event.ApplicationEventsTestExecutionListener, org.springframework.test.context.support.DependencyInjectionTestExecutionListener, org.springframework.test.context.support.DirtiesContextTestExecutionListener, org.springframework.test.context.transaction.TransactionalTestExecutionListener, org.springframework.test.context.jdbc.SqlScriptsTestExecutionListener, org.springframework.test.context.event.EventPublishingTestExecutionListener, org.springframework.security.test.context.support.WithSecurityContextTestExecutionListener, org.springframework.security.test.context.support.ReactorContextTestExecutionListener]
2024-06-02 03:07:59.707  INFO 82564 --- [           main] b.t.a.o.j.DataJpaTestContextBootstrapper : Using TestExecutionListeners: [org.springframework.test.context.web.ServletTestExecutionListener@5cf8a5c9, org.springframework.test.context.support.DirtiesContextBeforeModesTestExecutionListener@6bd04f62, org.springframework.test.context.event.ApplicationEventsTestExecutionListener@6cfccd32, org.springframework.boot.test.mock.mockito.MockitoTestExecutionListener@776d13af, org.springframework.boot.test.autoconfigure.SpringBootDependencyInjectionTestExecutionListener@6ea22666, org.springframework.test.context.support.DirtiesContextTestExecutionListener@760df8f, org.springframework.test.context.transaction.TransactionalTestExecutionListener@d7f170c, org.springframework.test.context.jdbc.SqlScriptsTestExecutionListener@12909d67, org.springframework.test.context.event.EventPublishingTestExecutionListener@6d7e0845, org.springframework.security.test.context.support.WithSecurityContextTestExecutionListener@6ce32ec2, org.springframework.security.test.context.support.ReactorContextTestExecutionListener@19518325, org.springframework.boot.test.mock.mockito.ResetMocksTestExecutionListener@f3c4ecd, org.springframework.boot.test.autoconfigure.restdocs.RestDocsTestExecutionListener@121d434f, org.springframework.boot.test.autoconfigure.web.client.MockRestServiceServerResetTestExecutionListener@677dfaf0, org.springframework.boot.test.autoconfigure.web.servlet.MockMvcPrintOnlyOnFailureTestExecutionListener@72201591, org.springframework.boot.test.autoconfigure.web.servlet.WebDriverTestExecutionListener@1f07773e, org.springframework.boot.test.autoconfigure.webservices.client.MockWebServiceServerTestExecutionListener@677848aa]
2024-06-02 03:07:59.714  INFO 82564 --- [           main] o.s.t.c.transaction.TransactionContext   : Began transaction (1) for test context [DefaultTestContext@1da49828 testClass = UserTest, testInstance = com.ayanami.okoyo.UserTest@393eb225, testMethod = testFindByLogin@UserTest, testException = [null], mergedContextConfiguration = [MergedContextConfiguration@1ca680b0 testClass = UserTest, locations = '{}', classes = '{class com.ayanami.okoyo.WebStoreApplication}', contextInitializerClasses = '[]', activeProfiles = '{}', propertySourceLocations = '{}', propertySourceProperties = '{org.springframework.boot.test.autoconfigure.orm.jpa.DataJpaTestContextBootstrapper=true}', contextCustomizers = set[[ImportsContextCustomizer@27619307 key = [org.springframework.boot.autoconfigure.cache.CacheAutoConfiguration, org.springframework.boot.autoconfigure.data.jpa.JpaRepositoriesAutoConfiguration, org.springframework.boot.autoconfigure.flyway.FlywayAutoConfiguration, org.springframework.boot.autoconfigure.jdbc.DataSourceAutoConfiguration, org.springframework.boot.autoconfigure.jdbc.DataSourceTransactionManagerAutoConfiguration, org.springframework.boot.autoconfigure.jdbc.JdbcTemplateAutoConfiguration, org.springframework.boot.autoconfigure.liquibase.LiquibaseAutoConfiguration, org.springframework.boot.autoconfigure.orm.jpa.HibernateJpaAutoConfiguration, org.springframework.boot.autoconfigure.sql.init.SqlInitializationAutoConfiguration, org.springframework.boot.autoconfigure.transaction.TransactionAutoConfiguration, org.springframework.boot.test.autoconfigure.jdbc.TestDatabaseAutoConfiguration, org.springframework.boot.test.autoconfigure.orm.jpa.TestEntityManagerAutoConfiguration]], org.springframework.boot.test.context.filter.ExcludeFilterContextCustomizer@643e0a19, org.springframework.boot.test.json.DuplicateJsonObjectContextCustomizerFactory$DuplicateJsonObjectContextCustomizer@7b7aaaf6, org.springframework.boot.test.mock.mockito.MockitoContextCustomizer@0, org.springframework.boot.test.autoconfigure.OverrideAutoConfigurationContextCustomizerFactory$DisableAutoConfigurationContextCustomizer@4baa82c, org.springframework.boot.test.autoconfigure.actuate.metrics.MetricsExportContextCustomizerFactory$DisableMetricExportContextCustomizer@7ec01520, org.springframework.boot.test.autoconfigure.filter.TypeExcludeFiltersContextCustomizer@351584c0, org.springframework.boot.test.autoconfigure.properties.PropertyMappingContextCustomizer@2dc474c5, org.springframework.boot.test.autoconfigure.web.servlet.WebDriverContextCustomizerFactory$Customizer@7da48c4c, org.springframework.boot.test.context.SpringBootTestArgs@1, org.springframework.boot.test.context.SpringBootTestWebEnvironment@0], contextLoader = 'org.springframework.boot.test.context.SpringBootContextLoader', parent = [null]], attributes = map['org.springframework.test.context.event.ApplicationEventsTestExecutionListener.recordApplicationEvents' -> false]]; transaction manager [org.springframework.orm.jpa.JpaTransactionManager@48ce0fc8]; rollback [true]
Hibernate: select user0_.id as id1_5_, user0_.email as email2_5_, user0_.login as login3_5_, user0_.password as password4_5_, user0_.role as role5_5_ from user user0_ where user0_.login=?
2024-06-02 03:07:59.725  INFO 82564 --- [           main] o.s.t.c.transaction.TransactionContext   : Rolled back transaction for test: [DefaultTestContext@1da49828 testClass = UserTest, testInstance = com.ayanami.okoyo.UserTest@393eb225, testMethod = testFindByLogin@UserTest, testException = java.lang.AssertionError: 
Expecting actual not to be null, mergedContextConfiguration = [MergedContextConfiguration@1ca680b0 testClass = UserTest, locations = '{}', classes = '{class com.ayanami.okoyo.WebStoreApplication}', contextInitializerClasses = '[]', activeProfiles = '{}', propertySourceLocations = '{}', propertySourceProperties = '{org.springframework.boot.test.autoconfigure.orm.jpa.DataJpaTestContextBootstrapper=true}', contextCustomizers = set[[ImportsContextCustomizer@27619307 key = [org.springframework.boot.autoconfigure.cache.CacheAutoConfiguration, org.springframework.boot.autoconfigure.data.jpa.JpaRepositoriesAutoConfiguration, org.springframework.boot.autoconfigure.flyway.FlywayAutoConfiguration, org.springframework.boot.autoconfigure.jdbc.DataSourceAutoConfiguration, org.springframework.boot.autoconfigure.jdbc.DataSourceTransactionManagerAutoConfiguration, org.springframework.boot.autoconfigure.jdbc.JdbcTemplateAutoConfiguration, org.springframework.boot.autoconfigure.liquibase.LiquibaseAutoConfiguration, org.springframework.boot.autoconfigure.orm.jpa.HibernateJpaAutoConfiguration, org.springframework.boot.autoconfigure.sql.init.SqlInitializationAutoConfiguration, org.springframework.boot.autoconfigure.transaction.TransactionAutoConfiguration, org.springframework.boot.test.autoconfigure.jdbc.TestDatabaseAutoConfiguration, org.springframework.boot.test.autoconfigure.orm.jpa.TestEntityManagerAutoConfiguration]], org.springframework.boot.test.context.filter.ExcludeFilterContextCustomizer@643e0a19, org.springframework.boot.test.json.DuplicateJsonObjectContextCustomizerFactory$DuplicateJsonObjectContextCustomizer@7b7aaaf6, org.springframework.boot.test.mock.mockito.MockitoContextCustomizer@0, org.springframework.boot.test.autoconfigure.OverrideAutoConfigurationContextCustomizerFactory$DisableAutoConfigurationContextCustomizer@4baa82c, org.springframework.boot.test.autoconfigure.actuate.metrics.MetricsExportContextCustomizerFactory$DisableMetricExportContextCustomizer@7ec01520, org.springframework.boot.test.autoconfigure.filter.TypeExcludeFiltersContextCustomizer@351584c0, org.springframework.boot.test.autoconfigure.properties.PropertyMappingContextCustomizer@2dc474c5, org.springframework.boot.test.autoconfigure.web.servlet.WebDriverContextCustomizerFactory$Customizer@7da48c4c, org.springframework.boot.test.context.SpringBootTestArgs@1, org.springframework.boot.test.context.SpringBootTestWebEnvironment@0], contextLoader = 'org.springframework.boot.test.context.SpringBootContextLoader', parent = [null]], attributes = map['org.springframework.test.context.event.ApplicationEventsTestExecutionListener.recordApplicationEvents' -> false]]
]]></system-out>
  </testcase>
</testsuite>