<?xml version="1.0" encoding="UTF-8"?>
<testsuite xmlns:xsi="http://www.w3.org/2001/XMLSchema-instance" xsi:noNamespaceSchemaLocation="https://maven.apache.org/surefire/maven-surefire-plugin/xsd/surefire-test-report.xsd" name="com.ayanami.okoyo.ProductTest" time="0.175" tests="6" errors="1" skipped="0" failures="1">
  <properties/>
  <testcase name="testSearchProduct" classname="com.ayanami.okoyo.ProductTest" time="0.031">
    <failure message="&#10;Expecting actual:&#10;  0&#10;to be greater than:&#10;  0&#10;" type="java.lang.AssertionError">java.lang.AssertionError: 

Expecting actual:
  0
to be greater than:
  0

	at com.ayanami.okoyo.ProductTest.testSearchProduct(ProductTest.java:97)
</failure>
    <system-out><![CDATA[2024-06-02 03:07:59.509  INFO 82564 --- [           main] b.t.a.o.j.DataJpaTestContextBootstrapper : Neither @ContextConfiguration nor @ContextHierarchy found for test class [com.ayanami.okoyo.ProductTest], using SpringBootContextLoader
2024-06-02 03:07:59.510  INFO 82564 --- [           main] o.s.t.c.support.AbstractContextLoader    : Could not detect default resource locations for test class [com.ayanami.okoyo.ProductTest]: no resource found for suffixes {-context.xml, Context.groovy}.
2024-06-02 03:07:59.510  INFO 82564 --- [           main] t.c.s.AnnotationConfigContextLoaderUtils : Could not detect default configuration classes for test class [com.ayanami.okoyo.ProductTest]: ProductTest does not declare any static, non-private, non-final, nested classes annotated with @Configuration.
2024-06-02 03:07:59.516  INFO 82564 --- [           main] .b.t.c.SpringBootTestContextBootstrapper : Found @SpringBootConfiguration com.ayanami.okoyo.WebStoreApplication for test class com.ayanami.okoyo.ProductTest
2024-06-02 03:07:59.517  INFO 82564 --- [           main] b.t.a.o.j.DataJpaTestContextBootstrapper : Loaded default TestExecutionListener class names from location [META-INF/spring.factories]: [org.springframework.boot.test.mock.mockito.MockitoTestExecutionListener, org.springframework.boot.test.mock.mockito.ResetMocksTestExecutionListener, org.springframework.boot.test.autoconfigure.restdocs.RestDocsTestExecutionListener, org.springframework.boot.test.autoconfigure.web.client.MockRestServiceServerResetTestExecutionListener, org.springframework.boot.test.autoconfigure.web.servlet.MockMvcPrintOnlyOnFailureTestExecutionListener, org.springframework.boot.test.autoconfigure.web.servlet.WebDriverTestExecutionListener, org.springframework.boot.test.autoconfigure.webservices.client.MockWebServiceServerTestExecutionListener, org.springframework.test.context.web.ServletTestExecutionListener, org.springframework.test.context.support.DirtiesContextBeforeModesTestExecutionListener, org.springframework.test.context.event.ApplicationEventsTestExecutionListener, org.springframework.test.context.support.DependencyInjectionTestExecutionListener, org.springframework.test.context.support.DirtiesContextTestExecutionListener, org.springframework.test.context.transaction.TransactionalTestExecutionListener, org.springframework.test.context.jdbc.SqlScriptsTestExecutionListener, org.springframework.test.context.event.EventPublishingTestExecutionListener, org.springframework.security.test.context.support.WithSecurityContextTestExecutionListener, org.springframework.security.test.context.support.ReactorContextTestExecutionListener]
2024-06-02 03:07:59.518  INFO 82564 --- [           main] b.t.a.o.j.DataJpaTestContextBootstrapper : Using TestExecutionListeners: [org.springframework.test.context.web.ServletTestExecutionListener@4b0b12b0, org.springframework.test.context.support.DirtiesContextBeforeModesTestExecutionListener@32491898, org.springframework.test.context.event.ApplicationEventsTestExecutionListener@2ce7a9de, org.springframework.boot.test.mock.mockito.MockitoTestExecutionListener@34fdd1d0, org.springframework.boot.test.autoconfigure.SpringBootDependencyInjectionTestExecutionListener@2770db6d, org.springframework.test.context.support.DirtiesContextTestExecutionListener@5d078ac3, org.springframework.test.context.transaction.TransactionalTestExecutionListener@4cbf61e4, org.springframework.test.context.jdbc.SqlScriptsTestExecutionListener@16165af2, org.springframework.test.context.event.EventPublishingTestExecutionListener@371c40ee, org.springframework.security.test.context.support.WithSecurityContextTestExecutionListener@56ac955c, org.springframework.security.test.context.support.ReactorContextTestExecutionListener@612b6e2c, org.springframework.boot.test.mock.mockito.ResetMocksTestExecutionListener@454e6931, org.springframework.boot.test.autoconfigure.restdocs.RestDocsTestExecutionListener@10005a46, org.springframework.boot.test.autoconfigure.web.client.MockRestServiceServerResetTestExecutionListener@22343b6f, org.springframework.boot.test.autoconfigure.web.servlet.MockMvcPrintOnlyOnFailureTestExecutionListener@18547b0b, org.springframework.boot.test.autoconfigure.web.servlet.WebDriverTestExecutionListener@2ee58ed1, org.springframework.boot.test.autoconfigure.webservices.client.MockWebServiceServerTestExecutionListener@3ca53321]
2024-06-02 03:07:59.526  INFO 82564 --- [           main] o.s.t.c.transaction.TransactionContext   : Began transaction (1) for test context [DefaultTestContext@66fb510 testClass = ProductTest, testInstance = com.ayanami.okoyo.ProductTest@13c6a2c7, testMethod = testSearchProduct@ProductTest, testException = [null], mergedContextConfiguration = [MergedContextConfiguration@6038ed66 testClass = ProductTest, locations = '{}', classes = '{class com.ayanami.okoyo.WebStoreApplication}', contextInitializerClasses = '[]', activeProfiles = '{}', propertySourceLocations = '{}', propertySourceProperties = '{org.springframework.boot.test.autoconfigure.orm.jpa.DataJpaTestContextBootstrapper=true}', contextCustomizers = set[[ImportsContextCustomizer@15317dc9 key = [org.springframework.boot.autoconfigure.cache.CacheAutoConfiguration, org.springframework.boot.autoconfigure.data.jpa.JpaRepositoriesAutoConfiguration, org.springframework.boot.autoconfigure.flyway.FlywayAutoConfiguration, org.springframework.boot.autoconfigure.jdbc.DataSourceAutoConfiguration, org.springframework.boot.autoconfigure.jdbc.DataSourceTransactionManagerAutoConfiguration, org.springframework.boot.autoconfigure.jdbc.JdbcTemplateAutoConfiguration, org.springframework.boot.autoconfigure.liquibase.LiquibaseAutoConfiguration, org.springframework.boot.autoconfigure.orm.jpa.HibernateJpaAutoConfiguration, org.springframework.boot.autoconfigure.sql.init.SqlInitializationAutoConfiguration, org.springframework.boot.autoconfigure.transaction.TransactionAutoConfiguration, org.springframework.boot.test.autoconfigure.jdbc.TestDatabaseAutoConfiguration, org.springframework.boot.test.autoconfigure.orm.jpa.TestEntityManagerAutoConfiguration]], org.springframework.boot.test.context.filter.ExcludeFilterContextCustomizer@643e0a19, org.springframework.boot.test.json.DuplicateJsonObjectContextCustomizerFactory$DuplicateJsonObjectContextCustomizer@7b7aaaf6, org.springframework.boot.test.mock.mockito.MockitoContextCustomizer@0, org.springframework.boot.test.autoconfigure.OverrideAutoConfigurationContextCustomizerFactory$DisableAutoConfigurationContextCustomizer@4baa82c, org.springframework.boot.test.autoconfigure.actuate.metrics.MetricsExportContextCustomizerFactory$DisableMetricExportContextCustomizer@7ec01520, org.springframework.boot.test.autoconfigure.filter.TypeExcludeFiltersContextCustomizer@351584c0, org.springframework.boot.test.autoconfigure.properties.PropertyMappingContextCustomizer@2dc474c5, org.springframework.boot.test.autoconfigure.web.servlet.WebDriverContextCustomizerFactory$Customizer@7da48c4c, org.springframework.boot.test.context.SpringBootTestArgs@1, org.springframework.boot.test.context.SpringBootTestWebEnvironment@0], contextLoader = 'org.springframework.boot.test.context.SpringBootContextLoader', parent = [null]], attributes = map['org.springframework.test.context.event.ApplicationEventsTestExecutionListener.recordApplicationEvents' -> false]]; transaction manager [org.springframework.orm.jpa.JpaTransactionManager@48ce0fc8]; rollback [true]
Hibernate: select product0_.id as id1_4_, product0_.alias as alias2_4_, product0_.category_id as category7_4_, product0_.description as descript3_4_, product0_.image as image4_4_, product0_.price as price5_4_, product0_.title as title6_4_, product0_.vendor_id as vendor_i8_4_ from product product0_ cross join vendor vendor1_ cross join category category2_ where product0_.vendor_id=vendor1_.id and product0_.category_id=category2_.id and (product0_.title like ? or product0_.description like ? or vendor1_.title like ? or category2_.title like ?) limit ?
2024-06-02 03:07:59.553  INFO 82564 --- [           main] o.s.t.c.transaction.TransactionContext   : Rolled back transaction for test: [DefaultTestContext@66fb510 testClass = ProductTest, testInstance = com.ayanami.okoyo.ProductTest@13c6a2c7, testMethod = testSearchProduct@ProductTest, testException = java.lang.AssertionError: 
Expecting actual:
  0
to be greater than:
  0
, mergedContextConfiguration = [MergedContextConfiguration@6038ed66 testClass = ProductTest, locations = '{}', classes = '{class com.ayanami.okoyo.WebStoreApplication}', contextInitializerClasses = '[]', activeProfiles = '{}', propertySourceLocations = '{}', propertySourceProperties = '{org.springframework.boot.test.autoconfigure.orm.jpa.DataJpaTestContextBootstrapper=true}', contextCustomizers = set[[ImportsContextCustomizer@15317dc9 key = [org.springframework.boot.autoconfigure.cache.CacheAutoConfiguration, org.springframework.boot.autoconfigure.data.jpa.JpaRepositoriesAutoConfiguration, org.springframework.boot.autoconfigure.flyway.FlywayAutoConfiguration, org.springframework.boot.autoconfigure.jdbc.DataSourceAutoConfiguration, org.springframework.boot.autoconfigure.jdbc.DataSourceTransactionManagerAutoConfiguration, org.springframework.boot.autoconfigure.jdbc.JdbcTemplateAutoConfiguration, org.springframework.boot.autoconfigure.liquibase.LiquibaseAutoConfiguration, org.springframework.boot.autoconfigure.orm.jpa.HibernateJpaAutoConfiguration, org.springframework.boot.autoconfigure.sql.init.SqlInitializationAutoConfiguration, org.springframework.boot.autoconfigure.transaction.TransactionAutoConfiguration, org.springframework.boot.test.autoconfigure.jdbc.TestDatabaseAutoConfiguration, org.springframework.boot.test.autoconfigure.orm.jpa.TestEntityManagerAutoConfiguration]], org.springframework.boot.test.context.filter.ExcludeFilterContextCustomizer@643e0a19, org.springframework.boot.test.json.DuplicateJsonObjectContextCustomizerFactory$DuplicateJsonObjectContextCustomizer@7b7aaaf6, org.springframework.boot.test.mock.mockito.MockitoContextCustomizer@0, org.springframework.boot.test.autoconfigure.OverrideAutoConfigurationContextCustomizerFactory$DisableAutoConfigurationContextCustomizer@4baa82c, org.springframework.boot.test.autoconfigure.actuate.metrics.MetricsExportContextCustomizerFactory$DisableMetricExportContextCustomizer@7ec01520, org.springframework.boot.test.autoconfigure.filter.TypeExcludeFiltersContextCustomizer@351584c0, org.springframework.boot.test.autoconfigure.properties.PropertyMappingContextCustomizer@2dc474c5, org.springframework.boot.test.autoconfigure.web.servlet.WebDriverContextCustomizerFactory$Customizer@7da48c4c, org.springframework.boot.test.context.SpringBootTestArgs@1, org.springframework.boot.test.context.SpringBootTestWebEnvironment@0], contextLoader = 'org.springframework.boot.test.context.SpringBootContextLoader', parent = [null]], attributes = map['org.springframework.test.context.event.ApplicationEventsTestExecutionListener.recordApplicationEvents' -> false]]
]]></system-out>
  </testcase>
  <testcase name="testCreateProduct" classname="com.ayanami.okoyo.ProductTest" time="0.017">
    <error message="could not execute statement; SQL [n/a]; constraint [null]; nested exception is org.hibernate.exception.ConstraintViolationException: could not execute statement" type="org.springframework.dao.DataIntegrityViolationException">org.springframework.dao.DataIntegrityViolationException: could not execute statement; SQL [n/a]; constraint [null]; nested exception is org.hibernate.exception.ConstraintViolationException: could not execute statement
	at com.ayanami.okoyo.ProductTest.testCreateProduct(ProductTest.java:45)
Caused by: org.hibernate.exception.ConstraintViolationException: could not execute statement
	at com.ayanami.okoyo.ProductTest.testCreateProduct(ProductTest.java:45)
Caused by: java.sql.SQLIntegrityConstraintViolationException: Column 'vendor_id' cannot be null
	at com.ayanami.okoyo.ProductTest.testCreateProduct(ProductTest.java:45)
</error>
    <system-out><![CDATA[2024-06-02 03:07:59.556  INFO 82564 --- [           main] o.s.t.c.transaction.TransactionContext   : Began transaction (1) for test context [DefaultTestContext@66fb510 testClass = ProductTest, testInstance = com.ayanami.okoyo.ProductTest@7d1e54a6, testMethod = testCreateProduct@ProductTest, testException = [null], mergedContextConfiguration = [MergedContextConfiguration@6038ed66 testClass = ProductTest, locations = '{}', classes = '{class com.ayanami.okoyo.WebStoreApplication}', contextInitializerClasses = '[]', activeProfiles = '{}', propertySourceLocations = '{}', propertySourceProperties = '{org.springframework.boot.test.autoconfigure.orm.jpa.DataJpaTestContextBootstrapper=true}', contextCustomizers = set[[ImportsContextCustomizer@15317dc9 key = [org.springframework.boot.autoconfigure.cache.CacheAutoConfiguration, org.springframework.boot.autoconfigure.data.jpa.JpaRepositoriesAutoConfiguration, org.springframework.boot.autoconfigure.flyway.FlywayAutoConfiguration, org.springframework.boot.autoconfigure.jdbc.DataSourceAutoConfiguration, org.springframework.boot.autoconfigure.jdbc.DataSourceTransactionManagerAutoConfiguration, org.springframework.boot.autoconfigure.jdbc.JdbcTemplateAutoConfiguration, org.springframework.boot.autoconfigure.liquibase.LiquibaseAutoConfiguration, org.springframework.boot.autoconfigure.orm.jpa.HibernateJpaAutoConfiguration, org.springframework.boot.autoconfigure.sql.init.SqlInitializationAutoConfiguration, org.springframework.boot.autoconfigure.transaction.TransactionAutoConfiguration, org.springframework.boot.test.autoconfigure.jdbc.TestDatabaseAutoConfiguration, org.springframework.boot.test.autoconfigure.orm.jpa.TestEntityManagerAutoConfiguration]], org.springframework.boot.test.context.filter.ExcludeFilterContextCustomizer@643e0a19, org.springframework.boot.test.json.DuplicateJsonObjectContextCustomizerFactory$DuplicateJsonObjectContextCustomizer@7b7aaaf6, org.springframework.boot.test.mock.mockito.MockitoContextCustomizer@0, org.springframework.boot.test.autoconfigure.OverrideAutoConfigurationContextCustomizerFactory$DisableAutoConfigurationContextCustomizer@4baa82c, org.springframework.boot.test.autoconfigure.actuate.metrics.MetricsExportContextCustomizerFactory$DisableMetricExportContextCustomizer@7ec01520, org.springframework.boot.test.autoconfigure.filter.TypeExcludeFiltersContextCustomizer@351584c0, org.springframework.boot.test.autoconfigure.properties.PropertyMappingContextCustomizer@2dc474c5, org.springframework.boot.test.autoconfigure.web.servlet.WebDriverContextCustomizerFactory$Customizer@7da48c4c, org.springframework.boot.test.context.SpringBootTestArgs@1, org.springframework.boot.test.context.SpringBootTestWebEnvironment@0], contextLoader = 'org.springframework.boot.test.context.SpringBootContextLoader', parent = [null]], attributes = map['org.springframework.test.context.event.ApplicationEventsTestExecutionListener.recordApplicationEvents' -> false]]; transaction manager [org.springframework.orm.jpa.JpaTransactionManager@48ce0fc8]; rollback [true]
Hibernate: select category0_.id as id1_0_0_, category0_.alias as alias2_0_0_, category0_.all_parent_ids as all_pare3_0_0_, category0_.enabled as enabled4_0_0_, category0_.image as image5_0_0_, category0_.parent_id as parent_i7_0_0_, category0_.title as title6_0_0_, category1_.id as id1_0_1_, category1_.alias as alias2_0_1_, category1_.all_parent_ids as all_pare3_0_1_, category1_.enabled as enabled4_0_1_, category1_.image as image5_0_1_, category1_.parent_id as parent_i7_0_1_, category1_.title as title6_0_1_ from category category0_ left outer join category category1_ on category0_.parent_id=category1_.id where category0_.id=?
Hibernate: select vendor0_.id as id1_7_0_, vendor0_.title as title2_7_0_ from vendor vendor0_ where vendor0_.id=?
Hibernate: insert into product (alias, category_id, description, image, price, title, vendor_id) values (?, ?, ?, ?, ?, ?, ?)
2024-06-02 03:07:59.567  WARN 82564 --- [           main] o.h.engine.jdbc.spi.SqlExceptionHelper   : SQL Error: 1048, SQLState: 23000
2024-06-02 03:07:59.567 ERROR 82564 --- [           main] o.h.engine.jdbc.spi.SqlExceptionHelper   : Column 'vendor_id' cannot be null
2024-06-02 03:07:59.571  INFO 82564 --- [           main] o.s.t.c.transaction.TransactionContext   : Rolled back transaction for test: [DefaultTestContext@66fb510 testClass = ProductTest, testInstance = com.ayanami.okoyo.ProductTest@7d1e54a6, testMethod = testCreateProduct@ProductTest, testException = org.springframework.dao.DataIntegrityViolationException: could not execute statement; SQL [n/a]; constraint [null]; nested exception is org.hibernate.exception.ConstraintViolationException: could not execute statement, mergedContextConfiguration = [MergedContextConfiguration@6038ed66 testClass = ProductTest, locations = '{}', classes = '{class com.ayanami.okoyo.WebStoreApplication}', contextInitializerClasses = '[]', activeProfiles = '{}', propertySourceLocations = '{}', propertySourceProperties = '{org.springframework.boot.test.autoconfigure.orm.jpa.DataJpaTestContextBootstrapper=true}', contextCustomizers = set[[ImportsContextCustomizer@15317dc9 key = [org.springframework.boot.autoconfigure.cache.CacheAutoConfiguration, org.springframework.boot.autoconfigure.data.jpa.JpaRepositoriesAutoConfiguration, org.springframework.boot.autoconfigure.flyway.FlywayAutoConfiguration, org.springframework.boot.autoconfigure.jdbc.DataSourceAutoConfiguration, org.springframework.boot.autoconfigure.jdbc.DataSourceTransactionManagerAutoConfiguration, org.springframework.boot.autoconfigure.jdbc.JdbcTemplateAutoConfiguration, org.springframework.boot.autoconfigure.liquibase.LiquibaseAutoConfiguration, org.springframework.boot.autoconfigure.orm.jpa.HibernateJpaAutoConfiguration, org.springframework.boot.autoconfigure.sql.init.SqlInitializationAutoConfiguration, org.springframework.boot.autoconfigure.transaction.TransactionAutoConfiguration, org.springframework.boot.test.autoconfigure.jdbc.TestDatabaseAutoConfiguration, org.springframework.boot.test.autoconfigure.orm.jpa.TestEntityManagerAutoConfiguration]], org.springframework.boot.test.context.filter.ExcludeFilterContextCustomizer@643e0a19, org.springframework.boot.test.json.DuplicateJsonObjectContextCustomizerFactory$DuplicateJsonObjectContextCustomizer@7b7aaaf6, org.springframework.boot.test.mock.mockito.MockitoContextCustomizer@0, org.springframework.boot.test.autoconfigure.OverrideAutoConfigurationContextCustomizerFactory$DisableAutoConfigurationContextCustomizer@4baa82c, org.springframework.boot.test.autoconfigure.actuate.metrics.MetricsExportContextCustomizerFactory$DisableMetricExportContextCustomizer@7ec01520, org.springframework.boot.test.autoconfigure.filter.TypeExcludeFiltersContextCustomizer@351584c0, org.springframework.boot.test.autoconfigure.properties.PropertyMappingContextCustomizer@2dc474c5, org.springframework.boot.test.autoconfigure.web.servlet.WebDriverContextCustomizerFactory$Customizer@7da48c4c, org.springframework.boot.test.context.SpringBootTestArgs@1, org.springframework.boot.test.context.SpringBootTestWebEnvironment@0], contextLoader = 'org.springframework.boot.test.context.SpringBootContextLoader', parent = [null]], attributes = map['org.springframework.test.context.event.ApplicationEventsTestExecutionListener.recordApplicationEvents' -> false]]
]]></system-out>
  </testcase>
  <testcase name="testGetProduct" classname="com.ayanami.okoyo.ProductTest" time="0.026"/>
  <testcase name="testUpdateProduct" classname="com.ayanami.okoyo.ProductTest" time="0.023"/>
  <testcase name="testDeleteProduct" classname="com.ayanami.okoyo.ProductTest" time="0.027"/>
  <testcase name="testListAllProducts" classname="com.ayanami.okoyo.ProductTest" time="0.028"/>
</testsuite>