<?xml version="1.0" encoding="UTF-8"?>
<testsuite xmlns:xsi="http://www.w3.org/2001/XMLSchema-instance" xsi:noNamespaceSchemaLocation="https://maven.apache.org/surefire/maven-surefire-plugin/xsd/surefire-test-report.xsd" name="com.ayanami.okoyo.CategoryTest" time="0.247" tests="3" errors="0" skipped="0" failures="0">
  <properties/>
  <testcase name="testCreateCategory" classname="com.ayanami.okoyo.CategoryTest" time="0.143"/>
  <testcase name="testShowHierarchicalCategories" classname="com.ayanami.okoyo.CategoryTest" time="0.07"/>
  <testcase name="testGetCategory" classname="com.ayanami.okoyo.CategoryTest" time="0.016"/>
</testsuite>